-------------------

Error occurred on Thursday, March 3, 2022 at 19:21:34.

codeblocks.exe caused a Breakpoint at location 000000006C14A2E4 in module wxmsw313u_gcc_cb.dll.

AddrPC           Params
000000006C14A2E4 000000000081D390 000000000081D3A0 0000000000000001  wxmsw313u_gcc_cb.dll!wxFile::Write
00000000709E6C67 00000000033D5F20 000000000C8BE4E8 000000000CAFA230  codeblocks.dll!FileManager::SaveUTF8
0000000070A68DB6 000000000C8BE4E8 000000000081D6D0 000000000810EE10  codeblocks.dll!TinyXML::SaveDocument
00000000709F3DCE 000000000081D6D0 000000000C8BE4E8 0000000070DD8F00  codeblocks.dll!cbSaveTinyXMLDocument
0000000070A3ED9B 000000000081EA10 000000000C8BE4E8 000000000081E8D0  codeblocks.dll!ProjectLoader::ExportTargetAsProject
0000000070A3AC9E 000000000081EA10 000000000C8BE4E8 0000000008105C70  codeblocks.dll!ProjectLoader::Save
000000007096F08E 000000000C8BE320 000000000081ED60 0000000000000000  codeblocks.dll!cbProject::Save
0000000000471217 00000000032D4520 000000000081F540 000000000081F3A0  codeblocks.exe!0x71217
000000006C103194 000000000081F3E0 000000000081F3A0 000027FB935DD781  wxmsw313u_gcc_cb.dll!wxAppConsoleBase::CallEventHandler
000000006C260372 000000000343AF40 0000000000000000 0000000002A70900  wxmsw313u_gcc_cb.dll!wxEvtHandler::ProcessEventIfMatchesId
000000006C260537 00000000032D4520 0000000000000020 00000000032D4520  wxmsw313u_gcc_cb.dll!wxEventHashTable::HandleEvent
000000006C260B8D 0000000000000111 0000000000000000 0000000000000000  wxmsw313u_gcc_cb.dll!wxEvtHandler::TryHereOnly
000000006C260613 000000000346C550 000000000081F540 00000000036FC570  wxmsw313u_gcc_cb.dll!wxEvtHandler::DoTryChain
000000006C260CE1 00007FFBF89F3330 0000000000000000 000027FB935DD691  wxmsw313u_gcc_cb.dll!wxEvtHandler::ProcessEvent
000000006C5A7D88 0000000000000000 0000000000000000 0000000000000000  wxmsw313u_gcc_cb.dll!wxWindowBase::TryAfter
000000006C26296B 0000000000030000 000000006C2182B0 000000000089CE10  wxmsw313u_gcc_cb.dll!wxEvtHandler::SafelyProcessEvent
000000006C54C770 0000000000000000 FFFFFFFFFFFFFFFF 0000000000000000  wxmsw313u_gcc_cb.dll!wxMenuBase::DoProcessEvent
000000006C54C88A 0000000000000005 0000000000360022 0000000000000005  wxmsw313u_gcc_cb.dll!wxMenuBase::SendEvent
000000006C3CDA1A 0000000000000001 000000006CCCB950 00007FFBFE42CC20  wxmsw313u_gcc_cb.dll!wxFrame::HandleCommand
000000006C3CF88F 0000000000000000 0000000000000000 0000000000000001  wxmsw313u_gcc_cb.dll!wxFrame::MSWWindowProc
00007FFBFCCFE858 0000000007F40AB0 000000006C3681C0 00000000000107D4  USER32.dll!UserCallWinProcCheckWow
00007FFBFCCFE299 000000006C3681C0 00000000084E6FA0 0000000000000001  USER32.dll!DispatchMessageWorker
000000006C38F441 00000000000107D4 0000000000000111 00000000084E6FA0  wxmsw313u_gcc_cb.dll!wxGUIEventLoop::Dispatch
000000006C1375A3 000000000081FC00 00007FFBFDFB9D40 00000000084E6FA0  wxmsw313u_gcc_cb.dll!wxEventLoopManual::ProcessEvents
000000006C137671 000000000089CE10 00000000084E6FA0 0000000000000008  wxmsw313u_gcc_cb.dll!wxEventLoopManual::DoRun
000000006C137309 0000000008513730 000000020000001C 000000000837A100  wxmsw313u_gcc_cb.dll!wxEventLoopBase::Run
000000006C107F1A 000000006CDBC412 000000000089F900 000000000089F910  wxmsw313u_gcc_cb.dll!wxAppConsoleBase::MainLoop
0000000000405422 000000000089CE10 000000006C26D6BB 0000000000A125A4  codeblocks.exe!0x5422
000000006C17FBD5 0000000000000008 0000000000000026 00000000008A0290  wxmsw313u_gcc_cb.dll!wxEntryReal
0000000000402291 0000000000400000 0000000000000000 0000000000A13738  codeblocks.exe!0x2291
00000000004013C7 0000000000000000 0000000000000000 0000000000000000  codeblocks.exe!0x13c7
00000000004014CB 0000000000000000 0000000000000000 0000000000000000  codeblocks.exe!0x14cb
00007FFBFCB57034 0000000000000000 0000000000000000 0000000000000000  KERNEL32.DLL!BaseThreadInitThunk
00007FFBFE3E2651 0000000000000000 0000000000000000 0000000000000000  ntdll.dll!RtlUserThreadStart

codeblocks.exe	20.3.0.0
ntdll.dll   	10.0.19041.1466
KERNEL32.DLL	10.0.19041.1503
KERNELBASE.dll	10.0.19041.1503
apphelp.dll 	10.0.19041.1320
msvcrt.dll  	7.0.19041.546
SHELL32.dll 	10.0.19041.1503
msvcp_win.dll	10.0.19041.789
COMCTL32.dll	6.10.19041.1110
ucrtbase.dll	10.0.19041.789
GDI32.dll   	10.0.19041.1202
USER32.dll  	10.0.19041.1503
win32u.dll  	10.0.19041.1526
gdi32full.dll	10.0.19041.1466
libgcc_s_seh-1.dll
libstdc++-6.dll
codeblocks.dll
wxmsw313u_gcc_cb.dll	3.1.3.0
SHFOLDER.dll	10.0.19041.1
exchndl.dll 	0.9.1.0
libwinpthread-1.dll	1.0.0.0
ADVAPI32.dll	10.0.19041.1466
PSAPI.DLL   	10.0.19041.546
sechost.dll 	10.0.19041.1466
RPCRT4.dll  	10.0.19041.1466
comdlg32.dll	10.0.19041.906
combase.dll 	10.0.19041.1348
shcore.dll  	10.0.19041.1387
mgwhelp.dll 	0.9.1.0
SHLWAPI.dll 	10.0.19041.1023
ole32.dll   	10.0.19041.1202
OLEAUT32.dll	10.0.19041.985
VERSION.dll 	10.0.19041.546
OLEACC.dll  	7.2.19041.746
UxTheme.dll 	10.0.19041.1266
WINMM.dll   	10.0.19041.546
WINSPOOL.DRV	10.0.19041.1288
WSOCK32.dll 	10.0.19041.1
WS2_32.dll  	10.0.19041.546
dbghelp.dll 	10.0.17134.12
dbgcore.DLL 	10.0.17134.12
IMM32.DLL   	10.0.19041.546
CRYPTSP.dll 	10.0.19041.546
rsaenh.dll  	10.0.19041.1052
bcrypt.dll  	10.0.19041.1023
CRYPTBASE.dll	10.0.19041.546
bcryptPrimitives.dll	10.0.19041.1415
kernel.appcore.dll	10.0.19041.546
AudioDevProps2.dll	2.6.11.0
windows.storage.dll	10.0.19041.1503
Wldp.dll    	10.0.19041.1320
MSCTF.dll   	10.0.19041.1503
SspiCli.dll 	10.0.19041.1266
textinputframework.dll	10.0.19041.1503
CoreUIComponents.dll	10.0.19041.546
CoreMessaging.dll	10.0.19041.746
ntmarta.dll 	10.0.19041.546
wintypes.dll	10.0.19041.1348
clbcatq.dll 	2001.12.10941.16384
dataexchange.dll	10.0.19041.1387
d3d11.dll   	10.0.19041.1202
dcomp.dll   	10.0.19041.1387
dxgi.dll    	10.0.19041.1266
twinapi.appcore.dll	10.0.19041.964
WindowsCodecs.dll	10.0.19041.1151
profapi.dll 	10.0.19041.844
msftedit.DLL	10.0.19041.1288
TextShaping.dll
Windows.Globalization.dll	10.0.19041.867
Bcp47Langs.dll	10.0.19041.1503
bcp47mrm.dll	10.0.19041.1503
globinputhost.dll	10.0.19041.546
abbreviations.dll
astyle.dll
autosave.dll
AutoVersioning.dll
BrowseTracker.dll
byogames.dll
cb_koders.dll
Cccc.dll
classwizard.dll
codecompletion.dll
codesnippets.dll
codestat.dll
compiler.dll
copystrings.dll
CppCheck.dll
Cscope.dll
debugger.dll
defaultmimehandler.dll
devpakupdater.dll
DoxyBlocks.dll	1.7.663.8397
DragScroll.dll
EditorConfig.dll
EditorTweaks.dll
envvars.dll
Exporter.dll
FileManager.dll
FortranProject.dll
headerfixup.dll
help_plugin.dll
HHCTRL.OCX  	10.0.19041.746
HexEditor.dll
IncrementalSearch.dll
keybinder.dll
lib_finder.dll
wxflatnotebook.dll
MouseSap.dll
NassiShneiderman.dll
OccurrencesHighlighting.dll
openfileslist.dll
Profiler.dll
ProjectOptionsManipulator.dll
projectsimporter.dll
RegExTestbed.dll
ReopenEditor.dll
rndgen.dll
scriptedwizard.dll
SmartIndentCpp.dll
SmartIndentFortran.dll
SmartIndentHDL.dll
SmartIndentLua.dll
SmartIndentPascal.dll
SmartIndentPython.dll
SmartIndentXML.dll
SpellChecker.dll
SymTab.dll
ThreadSearch.dll
wxcustombutton.dll
todo.dll
ToolsPlus.dll
wxsmith.dll
wxsmithlib.dll
wxSmithAui.dll
wxSmithContribItems.dll
wxchartctrl.dll
wxkwic.dll
wxdatetimepicker.dll
wxled.dll
wxmathplot.dll
wxspeedbutton.dll
wximagepanel.dll
xpmanifest.dll
msimg32.dll 	10.0.19041.1466
msctfuimanager.dll	10.0.19041.746
DUI70.dll   	10.0.19041.746
DUser.dll   	10.0.19041.546
UIAutomationCore.dll	7.2.19041.1503
PROPSYS.dll 	7.0.19041.1023
sxs.dll     	10.0.19041.546
UIAnimation.dll	10.0.19041.746
dwrite.dll  	10.0.19041.1526
D3D10Warp.dll	10.0.19041.546
dxcore.dll  	10.0.19041.546
cfgmgr32.dll	10.0.19041.1151
directmanipulation.dll	10.0.19041.1202
xmllite.dll 	10.0.19041.546
atlthunk.dll	10.0.19041.546
symsrv.dll  	10.0.17134.12
CRYPT32.dll 	10.0.19041.1320
WININET.dll 	11.0.19041.1320
iertutil.dll	11.0.19041.1503
ondemandconnroutehelper.dll	10.0.19041.546
winhttp.dll 	10.0.19041.1320
mswsock.dll 	10.0.19041.546
IPHLPAPI.DLL	10.0.19041.546
NSI.dll     	10.0.19041.610
WINNSI.DLL  	10.0.19041.546
urlmon.dll  	11.0.19041.1320
srvcli.dll  	10.0.19041.1466
netutils.dll	10.0.19041.546
DNSAPI.dll  	10.0.19041.1320
rasadhlp.dll	10.0.19041.546
fwpuclnt.dll	10.0.19041.1526
schannel.DLL	10.0.19041.1466
mskeyprotect.dll	10.0.19041.1202
NTASN1.dll  	10.0.19041.546
MSASN1.dll  	10.0.19041.546
DPAPI.DLL   	10.0.19041.546
WINTRUST.dll	10.0.19041.1503
cryptnet.dll	10.0.19041.906
ncrypt.dll  	10.0.19041.662
ncryptsslp.dll	10.0.19041.546

Windows 10.0.19042
DrMingw 0.9.1

-------------------

Error occurred on Thursday, March 3, 2022 at 19:23:45.

codeblocks.exe caused a Breakpoint at location 000000006C14A2E4 in module wxmsw313u_gcc_cb.dll.

AddrPC           Params
000000006C14A2E4 000000000081B360 000000000081B370 0000000000000001  wxmsw313u_gcc_cb.dll!wxFile::Write
00000000709E6C67 0000000003165020 00000000080E24A8 0000000008465EF0  codeblocks.dll!FileManager::SaveUTF8
0000000070A68DB6 00000000080E24A8 000000000081B6A0 000000000D200FD0  codeblocks.dll!TinyXML::SaveDocument
00000000709F3DCE 000000000081B6A0 00000000080E24A8 0000000000000000  codeblocks.dll!cbSaveTinyXMLDocument
0000000070A3ED9B 000000000081C9E0 00000000080E24A8 000000000081C8A0  codeblocks.dll!ProjectLoader::ExportTargetAsProject
0000000070A3AC9E 000000000081C9E0 00000000080E24A8 0000000000000000  codeblocks.dll!ProjectLoader::Save
000000007096F08E 00000000080E22E0 000000000081CCE0 000000006CDD3428  codeblocks.dll!cbProject::Save
000000007096B168 00000000080E22E0 000000000081D4B0 00000000FFFFFF07  codeblocks.dll!cbProject::cbProject
0000000070A424E6 000000000312C8A0 000000000081D4B0 00003D8200000003  codeblocks.dll!ProjectManager::NewProject
000000006EB4F508 000000000817A150 000000000081ED30 0000000000000000  scriptedwizard.dll!0xf508
000000006EB4EBEE 000000000817A150 0000000000000004 000000000081ED30  scriptedwizard.dll!0xebee
0000000070A65949 0000000008A8C2A0 000000000081E930 000000000081ED30  codeblocks.dll!TemplateManager::NewFromTemplate
0000000070A65899 0000000008A8C2A0 0000000000000000 000000000081ED30  codeblocks.dll!TemplateManager::New
000000000047113C 0000000003128B10 000000000081F540 000000000081F3A0  codeblocks.exe!0x7113c
000000006C103194 000000000081F3E0 000000000081F3A0 0000AA38234465B0  wxmsw313u_gcc_cb.dll!wxAppConsoleBase::CallEventHandler
000000006C260372 000000000328BBB0 0000000000000000 00000000029F0900  wxmsw313u_gcc_cb.dll!wxEvtHandler::ProcessEventIfMatchesId
000000006C260537 0000000003128B10 0000000000000020 0000000003128B10  wxmsw313u_gcc_cb.dll!wxEventHashTable::HandleEvent
000000006C260B8D 0000000000000111 0000000000000000 0000000000000000  wxmsw313u_gcc_cb.dll!wxEvtHandler::TryHereOnly
000000006C260613 000000000346E810 000000000081F540 000000000356EB10  wxmsw313u_gcc_cb.dll!wxEvtHandler::DoTryChain
000000006C260CE1 00007FFBF89F3330 0000000000000000 0000AA38234464A0  wxmsw313u_gcc_cb.dll!wxEvtHandler::ProcessEvent
000000006C5A7D88 0000000000000000 0000000000000000 0000000000000000  wxmsw313u_gcc_cb.dll!wxWindowBase::TryAfter
000000006C26296B 0000000000030000 000000006C2182B0 000000000280CE00  wxmsw313u_gcc_cb.dll!wxEvtHandler::SafelyProcessEvent
000000006C54C770 0000000000000000 FFFFFFFFFFFFFFFF 0000000000000000  wxmsw313u_gcc_cb.dll!wxMenuBase::DoProcessEvent
000000006C54C88A 0000000000000005 00000000002F0020 0000000000000005  wxmsw313u_gcc_cb.dll!wxMenuBase::SendEvent
000000006C3CDA1A 0000000000000001 000000006CCCB950 00007FFBFE42CC20  wxmsw313u_gcc_cb.dll!wxFrame::HandleCommand
000000006C3CF88F 0000000000000000 0000000000000000 0000000000000001  wxmsw313u_gcc_cb.dll!wxFrame::MSWWindowProc
00007FFBFCCFE858 000000000876F1C0 000000006C3681C0 0000000000020A22  USER32.dll!UserCallWinProcCheckWow
00007FFBFCCFE299 000000006C3681C0 000000000310A090 0000000000000001  USER32.dll!DispatchMessageWorker
000000006C38F441 0000000000020A22 0000000000000111 000000000310A090  wxmsw313u_gcc_cb.dll!wxGUIEventLoop::Dispatch
000000006C1375A3 000000000081FC00 00007FFBFDFB9D40 000000000310A090  wxmsw313u_gcc_cb.dll!wxEventLoopManual::ProcessEvents
000000006C137671 000000000280CE00 000000000310A090 0000000000000008  wxmsw313u_gcc_cb.dll!wxEventLoopManual::DoRun
000000006C137309 0000000008D692B0 000000020000001C 0000000008D3D170  wxmsw313u_gcc_cb.dll!wxEventLoopBase::Run
000000006C107F1A 000000006CDBC412 000000000280F8F0 000000000280F900  wxmsw313u_gcc_cb.dll!wxAppConsoleBase::MainLoop
0000000000405422 000000000280CE00 000000006C26D6BB 00000000000F25A4  codeblocks.exe!0x5422
000000006C17FBD5 0000000000000008 0000000000000026 0000000002810300  wxmsw313u_gcc_cb.dll!wxEntryReal
0000000000402291 0000000000400000 0000000000000000 00000000000F3738  codeblocks.exe!0x2291
00000000004013C7 0000000000000000 0000000000000000 0000000000000000  codeblocks.exe!0x13c7
00000000004014CB 0000000000000000 0000000000000000 0000000000000000  codeblocks.exe!0x14cb
00007FFBFCB57034 0000000000000000 0000000000000000 0000000000000000  KERNEL32.DLL!BaseThreadInitThunk
00007FFBFE3E2651 0000000000000000 0000000000000000 0000000000000000  ntdll.dll!RtlUserThreadStart

codeblocks.exe	20.3.0.0
ntdll.dll   	10.0.19041.1466
KERNEL32.DLL	10.0.19041.1503
KERNELBASE.dll	10.0.19041.1503
msvcrt.dll  	7.0.19041.546
SHELL32.dll 	10.0.19041.1503
COMCTL32.dll	6.10.19041.1110
libgcc_s_seh-1.dll
msvcp_win.dll	10.0.19041.789
GDI32.dll   	10.0.19041.1202
libwinpthread-1.dll	1.0.0.0
ucrtbase.dll	10.0.19041.789
win32u.dll  	10.0.19041.1526
gdi32full.dll	10.0.19041.1466
USER32.dll  	10.0.19041.1503
libstdc++-6.dll
codeblocks.dll
SHFOLDER.dll	10.0.19041.1
wxmsw313u_gcc_cb.dll	3.1.3.0
exchndl.dll 	0.9.1.0
ADVAPI32.dll	10.0.19041.1466
PSAPI.DLL   	10.0.19041.546
sechost.dll 	10.0.19041.1466
mgwhelp.dll 	0.9.1.0
RPCRT4.dll  	10.0.19041.1466
comdlg32.dll	10.0.19041.906
VERSION.dll 	10.0.19041.546
combase.dll 	10.0.19041.1348
shcore.dll  	10.0.19041.1387
dbghelp.dll 	10.0.17134.12
SHLWAPI.dll 	10.0.19041.1023
ole32.dll   	10.0.19041.1202
OLEAUT32.dll	10.0.19041.985
OLEACC.dll  	7.2.19041.746
UxTheme.dll 	10.0.19041.1266
WINMM.dll   	10.0.19041.546
WINSPOOL.DRV	10.0.19041.1288
WSOCK32.dll 	10.0.19041.1
dbgcore.DLL 	10.0.17134.12
WS2_32.dll  	10.0.19041.546
IMM32.DLL   	10.0.19041.546
CRYPTSP.dll 	10.0.19041.546
rsaenh.dll  	10.0.19041.1052
bcrypt.dll  	10.0.19041.1023
CRYPTBASE.dll	10.0.19041.546
bcryptPrimitives.dll	10.0.19041.1415
kernel.appcore.dll	10.0.19041.546
AudioDevProps2.dll	2.6.11.0
windows.storage.dll	10.0.19041.1503
Wldp.dll    	10.0.19041.1320
MSCTF.dll   	10.0.19041.1503
SspiCli.dll 	10.0.19041.1266
textinputframework.dll	10.0.19041.1503
CoreMessaging.dll	10.0.19041.746
CoreUIComponents.dll	10.0.19041.546
wintypes.dll	10.0.19041.1348
ntmarta.dll 	10.0.19041.546
clbcatq.dll 	2001.12.10941.16384
dataexchange.dll	10.0.19041.1387
d3d11.dll   	10.0.19041.1202
dcomp.dll   	10.0.19041.1387
dxgi.dll    	10.0.19041.1266
twinapi.appcore.dll	10.0.19041.964
WindowsCodecs.dll	10.0.19041.1151
profapi.dll 	10.0.19041.844
msftedit.DLL	10.0.19041.1288
TextShaping.dll
Windows.Globalization.dll	10.0.19041.867
Bcp47Langs.dll	10.0.19041.1503
bcp47mrm.dll	10.0.19041.1503
globinputhost.dll	10.0.19041.546
abbreviations.dll
astyle.dll
autosave.dll
AutoVersioning.dll
BrowseTracker.dll
byogames.dll
cb_koders.dll
Cccc.dll
classwizard.dll
codecompletion.dll
codesnippets.dll
codestat.dll
compiler.dll
copystrings.dll
CppCheck.dll
Cscope.dll
debugger.dll
defaultmimehandler.dll
devpakupdater.dll
DoxyBlocks.dll	1.7.663.8397
DragScroll.dll
EditorConfig.dll
EditorTweaks.dll
envvars.dll
Exporter.dll
FileManager.dll
FortranProject.dll
headerfixup.dll
help_plugin.dll
HHCTRL.OCX  	10.0.19041.746
HexEditor.dll
IncrementalSearch.dll
keybinder.dll
lib_finder.dll
wxflatnotebook.dll
MouseSap.dll
NassiShneiderman.dll
OccurrencesHighlighting.dll
openfileslist.dll
Profiler.dll
ProjectOptionsManipulator.dll
projectsimporter.dll
RegExTestbed.dll
ReopenEditor.dll
rndgen.dll
scriptedwizard.dll
SmartIndentCpp.dll
SmartIndentFortran.dll
SmartIndentHDL.dll
SmartIndentLua.dll
SmartIndentPascal.dll
SmartIndentPython.dll
SmartIndentXML.dll
SpellChecker.dll
SymTab.dll
ThreadSearch.dll
wxcustombutton.dll
todo.dll
ToolsPlus.dll
wxsmith.dll
wxsmithlib.dll
wxSmithAui.dll
wxSmithContribItems.dll
wxchartctrl.dll
wxdatetimepicker.dll
wxkwic.dll
wxled.dll
wxmathplot.dll
wxspeedbutton.dll
wximagepanel.dll
xpmanifest.dll
msimg32.dll 	10.0.19041.1466
msctfuimanager.dll	10.0.19041.746
DUI70.dll   	10.0.19041.746
DUser.dll   	10.0.19041.546
UIAutomationCore.dll	7.2.19041.1503
PROPSYS.dll 	7.0.19041.1023
sxs.dll     	10.0.19041.546
UIAnimation.dll	10.0.19041.746
dwrite.dll  	10.0.19041.1526
D3D10Warp.dll	10.0.19041.546
dxcore.dll  	10.0.19041.546
cfgmgr32.dll	10.0.19041.1151
directmanipulation.dll	10.0.19041.1202
xmllite.dll 	10.0.19041.546
atlthunk.dll	10.0.19041.546
symsrv.dll  	10.0.17134.12
CRYPT32.dll 	10.0.19041.1320
WININET.dll 	11.0.19041.1320
iertutil.dll	11.0.19041.1503
ondemandconnroutehelper.dll	10.0.19041.546
winhttp.dll 	10.0.19041.1320
mswsock.dll 	10.0.19041.546
IPHLPAPI.DLL	10.0.19041.546
NSI.dll     	10.0.19041.610
WINNSI.DLL  	10.0.19041.546
urlmon.dll  	11.0.19041.1320
srvcli.dll  	10.0.19041.1466
netutils.dll	10.0.19041.546
DNSAPI.dll  	10.0.19041.1320
rasadhlp.dll	10.0.19041.546
fwpuclnt.dll	10.0.19041.1526

Windows 10.0.19042
DrMingw 0.9.1

-------------------

Error occurred on Thursday, March 3, 2022 at 19:26:25.

codeblocks.exe caused a Breakpoint at location 000000006C14A2E4 in module wxmsw313u_gcc_cb.dll.

AddrPC           Params
000000006C14A2E4 000000000081D530 000000000081D540 0000000000000001  wxmsw313u_gcc_cb.dll!wxFile::Write
00000000709E6C67 00000000031A5020 0000000008DA7F98 000000000D2E7F40  codeblocks.dll!FileManager::SaveUTF8
0000000070A68DB6 0000000008DA7F98 000000000081D870 00000000088FA090  codeblocks.dll!TinyXML::SaveDocument
00000000709F3DCE 000000000081D870 0000000008DA7F98 0000000070DD8F00  codeblocks.dll!cbSaveTinyXMLDocument
0000000070A3ED9B 000000000081EBB0 0000000008DA7F98 000000000081EA70  codeblocks.dll!ProjectLoader::ExportTargetAsProject
0000000070A3AC9E 000000000081EBB0 0000000008DA7F98 00000000088EDED0  codeblocks.dll!ProjectLoader::Save
000000007096F08E 0000000008DA7DD0 000000000081EF00 0000000000000000  codeblocks.dll!cbProject::Save
0000000000471217 0000000003168B10 000000000081F450 0000000000000001  codeblocks.exe!0x71217
0000000000470347 0000000003168B10 00000000088FCD90 8000901100000000  codeblocks.exe!0x70347
000000006C103194 0000000000030834 00007FFB00000202 0000000000000000  wxmsw313u_gcc_cb.dll!wxAppConsoleBase::CallEventHandler
000000006C260372 00000000032CA5F0 0000000000030834 0000000000000000  wxmsw313u_gcc_cb.dll!wxEvtHandler::ProcessEventIfMatchesId
000000006C260537 0000000003168B10 0000000003168B48 000000006D153140  wxmsw313u_gcc_cb.dll!wxEventHashTable::HandleEvent
000000006C260B8D 0000000003168B10 0000000000000000 0000000000000000  wxmsw313u_gcc_cb.dll!wxEvtHandler::TryHereOnly
000000006C260BFD 0000000000000001 0000000008C8A520 0000000008C8A520  wxmsw313u_gcc_cb.dll!wxEvtHandler::ProcessEventLocally
000000006C260CE1 0000000000000000 0000000000000000 00000000088FCD90  wxmsw313u_gcc_cb.dll!wxEvtHandler::ProcessEvent
000000006C261E5C 0000000000000000 0000000000000000 000000000283CE00  wxmsw313u_gcc_cb.dll!wxEvtHandler::ProcessPendingEvents
000000006C1055DF 0000000000030834 0000000000000200 0000000000000000  wxmsw313u_gcc_cb.dll!wxAppConsoleBase::ProcessPendingEvents
000000006C137594 000000000081FC00 00007FFBFDFB9D40 0000000008D34FA0  wxmsw313u_gcc_cb.dll!wxEventLoopManual::ProcessEvents
000000006C137671 000000000283CE00 0000000008D34FA0 0000000000000008  wxmsw313u_gcc_cb.dll!wxEventLoopManual::DoRun
000000006C137309 0000000008B6B490 000000020000001C 0000000008D8E070  wxmsw313u_gcc_cb.dll!wxEventLoopBase::Run
000000006C107F1A 000000006CDBC412 000000000283F8F0 000000000283F900  wxmsw313u_gcc_cb.dll!wxAppConsoleBase::MainLoop
0000000000405422 000000000283CE00 000000006C26D6BB 00000000009325A4  codeblocks.exe!0x5422
000000006C17FBD5 0000000000000008 0000000000000026 0000000002840560  wxmsw313u_gcc_cb.dll!wxEntryReal
0000000000402291 0000000000400000 0000000000000000 0000000000933738  codeblocks.exe!0x2291
00000000004013C7 0000000000000000 0000000000000000 0000000000000000  codeblocks.exe!0x13c7
00000000004014CB 0000000000000000 0000000000000000 0000000000000000  codeblocks.exe!0x14cb
00007FFBFCB57034 0000000000000000 0000000000000000 0000000000000000  KERNEL32.DLL!BaseThreadInitThunk
00007FFBFE3E2651 0000000000000000 0000000000000000 0000000000000000  ntdll.dll!RtlUserThreadStart

codeblocks.exe	20.3.0.0
ntdll.dll   	10.0.19041.1466
KERNEL32.DLL	10.0.19041.1503
KERNELBASE.dll	10.0.19041.1503
msvcrt.dll  	7.0.19041.546
SHELL32.dll 	10.0.19041.1503
COMCTL32.dll	6.10.19041.1110
libgcc_s_seh-1.dll
msvcp_win.dll	10.0.19041.789
libwinpthread-1.dll	1.0.0.0
GDI32.dll   	10.0.19041.1202
ucrtbase.dll	10.0.19041.789
win32u.dll  	10.0.19041.1526
gdi32full.dll	10.0.19041.1466
USER32.dll  	10.0.19041.1503
libstdc++-6.dll
SHFOLDER.dll	10.0.19041.1
codeblocks.dll
wxmsw313u_gcc_cb.dll	3.1.3.0
ADVAPI32.dll	10.0.19041.1466
exchndl.dll 	0.9.1.0
PSAPI.DLL   	10.0.19041.546
sechost.dll 	10.0.19041.1466
RPCRT4.dll  	10.0.19041.1466
mgwhelp.dll 	0.9.1.0
comdlg32.dll	10.0.19041.906
VERSION.dll 	10.0.19041.546
combase.dll 	10.0.19041.1348
shcore.dll  	10.0.19041.1387
SHLWAPI.dll 	10.0.19041.1023
ole32.dll   	10.0.19041.1202
dbghelp.dll 	10.0.17134.12
OLEAUT32.dll	10.0.19041.985
OLEACC.dll  	7.2.19041.746
WINMM.dll   	10.0.19041.546
UxTheme.dll 	10.0.19041.1266
WINSPOOL.DRV	10.0.19041.1288
dbgcore.DLL 	10.0.17134.12
WSOCK32.dll 	10.0.19041.1
WS2_32.dll  	10.0.19041.546
IMM32.DLL   	10.0.19041.546
CRYPTSP.dll 	10.0.19041.546
rsaenh.dll  	10.0.19041.1052
bcrypt.dll  	10.0.19041.1023
CRYPTBASE.dll	10.0.19041.546
bcryptPrimitives.dll	10.0.19041.1415
kernel.appcore.dll	10.0.19041.546
AudioDevProps2.dll	2.6.11.0
windows.storage.dll	10.0.19041.1503
Wldp.dll    	10.0.19041.1320
MSCTF.dll   	10.0.19041.1503
SspiCli.dll 	10.0.19041.1266
textinputframework.dll	10.0.19041.1503
CoreMessaging.dll	10.0.19041.746
CoreUIComponents.dll	10.0.19041.546
wintypes.dll	10.0.19041.1348
ntmarta.dll 	10.0.19041.546
clbcatq.dll 	2001.12.10941.16384
dataexchange.dll	10.0.19041.1387
d3d11.dll   	10.0.19041.1202
dcomp.dll   	10.0.19041.1387
dxgi.dll    	10.0.19041.1266
twinapi.appcore.dll	10.0.19041.964
WindowsCodecs.dll	10.0.19041.1151
profapi.dll 	10.0.19041.844
msftedit.DLL	10.0.19041.1288
TextShaping.dll
Windows.Globalization.dll	10.0.19041.867
bcp47mrm.dll	10.0.19041.1503
Bcp47Langs.dll	10.0.19041.1503
globinputhost.dll	10.0.19041.546
abbreviations.dll
astyle.dll
autosave.dll
AutoVersioning.dll
BrowseTracker.dll
byogames.dll
cb_koders.dll
Cccc.dll
classwizard.dll
codecompletion.dll
codesnippets.dll
codestat.dll
compiler.dll
copystrings.dll
CppCheck.dll
Cscope.dll
debugger.dll
defaultmimehandler.dll
devpakupdater.dll
DoxyBlocks.dll	1.7.663.8397
DragScroll.dll
EditorConfig.dll
EditorTweaks.dll
envvars.dll
Exporter.dll
FileManager.dll
FortranProject.dll
headerfixup.dll
help_plugin.dll
HHCTRL.OCX  	10.0.19041.746
HexEditor.dll
IncrementalSearch.dll
keybinder.dll
lib_finder.dll
wxflatnotebook.dll
MouseSap.dll
NassiShneiderman.dll
OccurrencesHighlighting.dll
openfileslist.dll
Profiler.dll
ProjectOptionsManipulator.dll
projectsimporter.dll
RegExTestbed.dll
ReopenEditor.dll
rndgen.dll
scriptedwizard.dll
SmartIndentCpp.dll
SmartIndentFortran.dll
SmartIndentHDL.dll
SmartIndentLua.dll
SmartIndentPascal.dll
SmartIndentPython.dll
SmartIndentXML.dll
SpellChecker.dll
SymTab.dll
ThreadSearch.dll
wxcustombutton.dll
todo.dll
ToolsPlus.dll
wxsmith.dll
wxsmithlib.dll
wxSmithAui.dll
wxSmithContribItems.dll
wxdatetimepicker.dll
wxchartctrl.dll
wxkwic.dll
wxled.dll
wxspeedbutton.dll
wxmathplot.dll
wximagepanel.dll
xpmanifest.dll
msimg32.dll 	10.0.19041.1466
msctfuimanager.dll	10.0.19041.746
DUI70.dll   	10.0.19041.746
DUser.dll   	10.0.19041.546
UIAutomationCore.dll	7.2.19041.1503
PROPSYS.dll 	7.0.19041.1023
sxs.dll     	10.0.19041.546
UIAnimation.dll	10.0.19041.746
dwrite.dll  	10.0.19041.1526
D3D10Warp.dll	10.0.19041.546
dxcore.dll  	10.0.19041.546
cfgmgr32.dll	10.0.19041.1151
directmanipulation.dll	10.0.19041.1202
xmllite.dll 	10.0.19041.546
atlthunk.dll	10.0.19041.546
symsrv.dll  	10.0.17134.12
CRYPT32.dll 	10.0.19041.1320
WININET.dll 	11.0.19041.1320
iertutil.dll	11.0.19041.1503
ondemandconnroutehelper.dll	10.0.19041.546
winhttp.dll 	10.0.19041.1320
mswsock.dll 	10.0.19041.546
IPHLPAPI.DLL	10.0.19041.546
NSI.dll     	10.0.19041.610
WINNSI.DLL  	10.0.19041.546
urlmon.dll  	11.0.19041.1320
netutils.dll	10.0.19041.546
srvcli.dll  	10.0.19041.1466
DNSAPI.dll  	10.0.19041.1320
rasadhlp.dll	10.0.19041.546
fwpuclnt.dll	10.0.19041.1526

Windows 10.0.19042
DrMingw 0.9.1

-------------------

Error occurred on Tuesday, March 22, 2022 at 12:46:54.

codeblocks.exe caused a Breakpoint at location 000000006C20A54B in module wxmsw313u_gcc_cb.dll.

AddrPC           Params
000000006C20A54B 000000000081FCA0 00000000027EEF80 0000000000000000  wxmsw313u_gcc_cb.dll!wxDDECleanUp
000000006C199C89 000000000278CE00 0000000000000008 0000000000000000  wxmsw313u_gcc_cb.dll!wxModule::DoCleanUpModules
000000006C17E583 000000000278CE00 000000006D1576B0 0000000000000008  wxmsw313u_gcc_cb.dll!wxEntryCleanup
000000006C17E5FA 000000000278CE00 000000006C26D6BB 00000000001025A4  wxmsw313u_gcc_cb.dll!wxUninitialize
000000006C17FBE8 0000000000000008 0000000000000026 0000000002790200  wxmsw313u_gcc_cb.dll!wxEntryReal
0000000000402291 0000000000400000 0000000000000000 0000000000103738  codeblocks.exe!0x2291
00000000004013C7 0000000000000000 0000000000000000 0000000000000000  codeblocks.exe!0x13c7
00000000004014CB 0000000000000000 0000000000000000 0000000000000000  codeblocks.exe!0x14cb
00007FF94FAE7034 0000000000000000 0000000000000000 0000000000000000  KERNEL32.DLL!BaseThreadInitThunk
00007FF94FC22651 0000000000000000 0000000000000000 0000000000000000  ntdll.dll!RtlUserThreadStart

codeblocks.exe	20.3.0.0
ntdll.dll   	10.0.19041.1466
KERNEL32.DLL	10.0.19041.1503
KERNELBASE.dll	10.0.19041.1503
msvcrt.dll  	7.0.19041.546
SHELL32.dll 	10.0.19041.1503
COMCTL32.dll	6.10.19041.1110
libgcc_s_seh-1.dll
msvcp_win.dll	10.0.19041.789
GDI32.dll   	10.0.19041.1202
libwinpthread-1.dll	1.0.0.0
ucrtbase.dll	10.0.19041.789
win32u.dll  	10.0.19041.1526
gdi32full.dll	10.0.19041.1466
USER32.dll  	10.0.19041.1503
codeblocks.dll
SHFOLDER.dll	10.0.19041.1
libstdc++-6.dll
wxmsw313u_gcc_cb.dll	3.1.3.0
exchndl.dll 	0.9.1.0
ADVAPI32.dll	10.0.19041.1466
PSAPI.DLL   	10.0.19041.546
sechost.dll 	10.0.19041.1466
mgwhelp.dll 	0.9.1.0
RPCRT4.dll  	10.0.19041.1466
dbghelp.dll 	10.0.17134.12
VERSION.dll 	10.0.19041.546
comdlg32.dll	10.0.19041.906
combase.dll 	10.0.19041.1348
shcore.dll  	10.0.19041.1387
SHLWAPI.dll 	10.0.19041.1023
dbgcore.DLL 	10.0.17134.12
ole32.dll   	10.0.19041.1202
OLEAUT32.dll	10.0.19041.985
OLEACC.dll  	7.2.19041.746
UxTheme.dll 	10.0.19041.1266
WINMM.dll   	10.0.19041.546
WINSPOOL.DRV	10.0.19041.1288
WSOCK32.dll 	10.0.19041.1
WS2_32.dll  	10.0.19041.546
IMM32.DLL   	10.0.19041.546
CRYPTSP.dll 	10.0.19041.546
rsaenh.dll  	10.0.19041.1052
bcrypt.dll  	10.0.19041.1023
CRYPTBASE.dll	10.0.19041.546
bcryptPrimitives.dll	10.0.19041.1415
kernel.appcore.dll	10.0.19041.546
AudioDevProps2.dll	2.6.11.0
PerfWndMonModule.dll	11.0.0.0
windows.storage.dll	10.0.19041.1503
Wldp.dll    	10.0.19041.1320
MSCTF.dll   	10.0.19041.1503
SspiCli.dll 	10.0.19041.1266
DUser.dll   	10.0.19041.546
atlthunk.dll	10.0.19041.546
TextShaping.dll
textinputframework.dll	10.0.19041.1503
CoreMessaging.dll	10.0.19041.746
CoreUIComponents.dll	10.0.19041.546
ntmarta.dll 	10.0.19041.546
wintypes.dll	10.0.19041.1348
clbcatq.dll 	2001.12.10941.16384
sxs.dll     	10.0.19041.546
symsrv.dll  	10.0.17134.12
CRYPT32.dll 	10.0.19041.1320
WININET.dll 	11.0.19041.1320
iertutil.dll	11.0.19041.1503
profapi.dll 	10.0.19041.844
ondemandconnroutehelper.dll	10.0.19041.546
winhttp.dll 	10.0.19041.1320
mswsock.dll 	10.0.19041.546
IPHLPAPI.DLL	10.0.19041.546
NSI.dll     	10.0.19041.610
WINNSI.DLL  	10.0.19041.546
urlmon.dll  	11.0.19041.1320
netutils.dll	10.0.19041.546
srvcli.dll  	10.0.19041.1466
DNSAPI.dll  	10.0.19041.1320
rasadhlp.dll	10.0.19041.546
fwpuclnt.dll	10.0.19041.1526

Windows 10.0.19042
DrMingw 0.9.1

-------------------

Error occurred on Tuesday, March 22, 2022 at 12:46:59.

codeblocks.exe caused a Breakpoint at location 000000006C20A54B in module wxmsw313u_gcc_cb.dll.

AddrPC           Params
000000006C20A54B 000000000081FCA0 000000000288FCC0 0000000000000000  wxmsw313u_gcc_cb.dll!wxDDECleanUp
000000006C199C89 000000000282CE00 0000000000000008 0000000000000000  wxmsw313u_gcc_cb.dll!wxModule::DoCleanUpModules
000000006C17E583 000000000282CE00 000000006D1576B0 0000000000000008  wxmsw313u_gcc_cb.dll!wxEntryCleanup
000000006C17E5FA 000000000282CE00 000000006C26D6BB 00000000009325A4  wxmsw313u_gcc_cb.dll!wxUninitialize
000000006C17FBE8 0000000000000008 0000000000000026 0000000002830760  wxmsw313u_gcc_cb.dll!wxEntryReal
0000000000402291 0000000000400000 0000000000000000 0000000000933738  codeblocks.exe!0x2291
00000000004013C7 0000000000000000 0000000000000000 0000000000000000  codeblocks.exe!0x13c7
00000000004014CB 0000000000000000 0000000000000000 0000000000000000  codeblocks.exe!0x14cb
00007FF94FAE7034 0000000000000000 0000000000000000 0000000000000000  KERNEL32.DLL!BaseThreadInitThunk
00007FF94FC22651 0000000000000000 0000000000000000 0000000000000000  ntdll.dll!RtlUserThreadStart

codeblocks.exe	20.3.0.0
ntdll.dll   	10.0.19041.1466
KERNEL32.DLL	10.0.19041.1503
KERNELBASE.dll	10.0.19041.1503
msvcrt.dll  	7.0.19041.546
COMCTL32.dll	6.10.19041.1110
SHELL32.dll 	10.0.19041.1503
libgcc_s_seh-1.dll
GDI32.dll   	10.0.19041.1202
msvcp_win.dll	10.0.19041.789
libwinpthread-1.dll	1.0.0.0
win32u.dll  	10.0.19041.1526
ucrtbase.dll	10.0.19041.789
gdi32full.dll	10.0.19041.1466
USER32.dll  	10.0.19041.1503
libstdc++-6.dll
codeblocks.dll
SHFOLDER.dll	10.0.19041.1
wxmsw313u_gcc_cb.dll	3.1.3.0
ADVAPI32.dll	10.0.19041.1466
exchndl.dll 	0.9.1.0
PSAPI.DLL   	10.0.19041.546
sechost.dll 	10.0.19041.1466
RPCRT4.dll  	10.0.19041.1466
mgwhelp.dll 	0.9.1.0
comdlg32.dll	10.0.19041.906
combase.dll 	10.0.19041.1348
VERSION.dll 	10.0.19041.546
shcore.dll  	10.0.19041.1387
SHLWAPI.dll 	10.0.19041.1023
ole32.dll   	10.0.19041.1202
OLEAUT32.dll	10.0.19041.985
dbghelp.dll 	10.0.17134.12
OLEACC.dll  	7.2.19041.746
UxTheme.dll 	10.0.19041.1266
WINMM.dll   	10.0.19041.546
WINSPOOL.DRV	10.0.19041.1288
WSOCK32.dll 	10.0.19041.1
dbgcore.DLL 	10.0.17134.12
WS2_32.dll  	10.0.19041.546
IMM32.DLL   	10.0.19041.546
CRYPTSP.dll 	10.0.19041.546
rsaenh.dll  	10.0.19041.1052
bcrypt.dll  	10.0.19041.1023
CRYPTBASE.dll	10.0.19041.546
bcryptPrimitives.dll	10.0.19041.1415
kernel.appcore.dll	10.0.19041.546
AudioDevProps2.dll	2.6.11.0
PerfWndMonModule.dll	11.0.0.0
windows.storage.dll	10.0.19041.1503
Wldp.dll    	10.0.19041.1320
MSCTF.dll   	10.0.19041.1503
SspiCli.dll 	10.0.19041.1266
DUser.dll   	10.0.19041.546
atlthunk.dll	10.0.19041.546
TextShaping.dll
textinputframework.dll	10.0.19041.1503
CoreUIComponents.dll	10.0.19041.546
CoreMessaging.dll	10.0.19041.746
ntmarta.dll 	10.0.19041.546
wintypes.dll	10.0.19041.1348
clbcatq.dll 	2001.12.10941.16384
sxs.dll     	10.0.19041.546
symsrv.dll  	10.0.17134.12
CRYPT32.dll 	10.0.19041.1320
WININET.dll 	11.0.19041.1320
iertutil.dll	11.0.19041.1503
profapi.dll 	10.0.19041.844
ondemandconnroutehelper.dll	10.0.19041.546
winhttp.dll 	10.0.19041.1320
mswsock.dll 	10.0.19041.546
IPHLPAPI.DLL	10.0.19041.546
NSI.dll     	10.0.19041.610
WINNSI.DLL  	10.0.19041.546
urlmon.dll  	11.0.19041.1320
srvcli.dll  	10.0.19041.1466
netutils.dll	10.0.19041.546
DNSAPI.dll  	10.0.19041.1320
rasadhlp.dll	10.0.19041.546
fwpuclnt.dll	10.0.19041.1526

Windows 10.0.19042
DrMingw 0.9.1

-------------------

Error occurred on Thursday, April 7, 2022 at 22:06:13.

codeblocks.exe caused an Access Violation at location 00000000031E7CE0 DEP violation at location 00000000031E7CE0.

AddrPC           Params
00000000031E7CE0 00000000081B5CF0 00007FFF72035BA1 00000000081A0000
0000000067706BDE 000000000348FCB0 00000000031E7690 000000000878C3A8  codecompletion.dll!0x46bde
0000000067709E05 000000000348FCB0 000000000081D801 000000000081D8F0  codecompletion.dll!0x49e05
00000000676DC97D 000000000348FC10 0000000070D2B501 000000000081D970  codecompletion.dll!0x1c97d
0000000070964BBB 000000000348FC10 000000000348FC01 0000000003394AB0  codeblocks.dll!cbPlugin::Release
0000000070A191E3 00000000033D0A20 000000000348FC10 0000000000000001  codeblocks.dll!PluginManager::DetachPlugin
0000000070A2087D 00000000033D0A20 000000000348FC10 0000000000000000  codeblocks.dll!PluginManager::UnloadPlugin
0000000070A20819 00000000033D0A20 0000000000000000 000000006D1530E0  codeblocks.dll!PluginManager::UnloadAllPlugins
0000000070A1905C 00000000033D0A20 00000000000000C1 000000000081DBB0  codeblocks.dll!PluginManager::~PluginManager
0000000070A190E7 00000000033D0A20 0000000000000000 0000000003211DA8  codeblocks.dll!PluginManager::~PluginManager
0000000070C3B0B4 000000000081E010 0000000000000000 0000000003211DA8  codeblocks.dll!Mgr<PluginManager>::Free
0000000070A0A567 000000000081DC70 000000000081E010 0000000000002862  codeblocks.dll!Manager::Shutdown
00000000004744C9 00000000032116A0 000000000081E3F0 0000000002EAC870  codeblocks.exe!0x744c9
000000006C103194 000000000081E320 00000000001C0000 00000000001C02A8  wxmsw313u_gcc_cb.dll!wxAppConsoleBase::CallEventHandler
000000006C260372 0000000008BA3F30 0000000000000000 0000000000000000  wxmsw313u_gcc_cb.dll!wxEvtHandler::ProcessEventIfMatchesId
000000006C260537 00000000032116A0 0000000000000119 0000000000000030  wxmsw313u_gcc_cb.dll!wxEventHashTable::HandleEvent
000000006C260B8D 0000000000000028 0000000000000008 0000000000000000  wxmsw313u_gcc_cb.dll!wxEvtHandler::TryHereOnly
000000006C260613 000000000D7A0030 00007FFF72035BA1 0000000000000004  wxmsw313u_gcc_cb.dll!wxEvtHandler::DoTryChain
000000006C260CE1 0000000008E5E9C0 0000000000000007 0000677A57CA7A15  wxmsw313u_gcc_cb.dll!wxEvtHandler::ProcessEvent
000000006C26296B 0000B7B1C7619968 00000000001B0860 0000000000000040  wxmsw313u_gcc_cb.dll!wxEvtHandler::SafelyProcessEvent
000000006C5A0E2C 000000000895CF90 00007FFF707E9C9C FFFFFFFE00000002  wxmsw313u_gcc_cb.dll!wxWindowBase::Close
000000006C3CF74C 0000000000000000 0000400000200002 0000000000000001  wxmsw313u_gcc_cb.dll!wxFrame::MSWWindowProc
00007FFF71D6E858 0000000000000000 000000006C3681C0 0000000000160672  USER32.dll!UserCallWinProcCheckWow
00007FFF71D6E3DC 0000000000000000 0000000000000000 0000000000000000  USER32.dll!DispatchClientMessage
00007FFF71D80BC3 0000000000000000 0000000000000000 000000000081E760  USER32.dll!__fnDWORD
00007FFF720B0BA4 00007FFF71D6CAF5 0000000000000000 0000000000000000  ntdll.dll!KiUserCallbackDispatch
00007FFF6F971124 0000000000000000 0000000000000000 0000000000000020  win32u.dll!NtUserMessageCall
00007FFF71D6CAF5 0000000000000000 0000000000000000 0000000000000112  USER32.dll!RealDefWindowProcWorker
00007FFF71D6C2AF 000000000081EA40 0000000000000112 000000000009086D  USER32.dll!RealDefWindowProcW
00007FFF6C689722 0000000001465060 0000000000000000 0000677A57CA70A5  UxTheme.dll!DoMsgDefault
00007FFF6C6A3482 00007FFF71D6C260 0000000000000112 0000000002930900  UxTheme.dll!OnDwpSysCommand
00007FFF6C68B809 0000000000160672 000000000000F060 000000000000F060  UxTheme.dll!_ThemeDefWindowProc
00007FFF6C68B271 0000000000000202 00000000009A07F0 0000000000000000  UxTheme.dll!ThemeDefWindowProcW
00007FFF71D6C7E3 00000000032116A0 0000000000000112 000000000000F060  USER32.dll!DefWindowProcW
000000006C3662C9 000000000000F060 00000000FFFFFFFE 0000000000000000  wxmsw313u_gcc_cb.dll!wxWindow::MSWDefWindowProc
000000006C360454 0000000001465060 00007FFF72035BA1 0000677A57CA74B5  wxmsw313u_gcc_cb.dll!wxWindow::MSWWindowProc
000000006C3582CC 0000000002936070 0000000072035BA1 0000000000160672  wxmsw313u_gcc_cb.dll!wxTopLevelWindowMSW::MSWWindowProc
000000006C3CF720 0000000000160672 0000000000000001 0000000000000000  wxmsw313u_gcc_cb.dll!wxFrame::MSWWindowProc
00007FFF71D6E858 0000000000000000 000000006C3681C0 0000000000160672  USER32.dll!UserCallWinProcCheckWow
00007FFF71D6E3DC 0000000000000000 0000000000000000 000000000000F060  USER32.dll!DispatchClientMessage
00007FFF71D80BC3 00007FFF6F971124 0000002C00000050 00007FFF6F971124  USER32.dll!__fnDWORD
00007FFF720B0BA4 00007FFF71D6CAF5 0000000000000000 00007FFF71D6C9BB  ntdll.dll!KiUserCallbackDispatch
00007FFF6F971124 0000000000000000 00007FFF71D6C9BB 0000000000160672  win32u.dll!NtUserMessageCall
00007FFF71D6CAF5 0000000001465060 00007FFF71D6F9A7 0000000000000000  USER32.dll!RealDefWindowProcWorker
00007FFF71D6C2AF 000000000081F3A0 00000000000000A1 000000000081F3A0  USER32.dll!RealDefWindowProcW
00007FFF6C689722 0000000002936070 000000000081F3A0 000000000081F3E0  UxTheme.dll!DoMsgDefault
00007FFF6C6A33D7 00007FFF71D6C260 0000000000000000 0000000002930900  UxTheme.dll!OnDwpNcLButtonDown
00007FFF6C68B809 0000000000160672 0000000000000014 0000000000000014  UxTheme.dll!_ThemeDefWindowProc
00007FFF6C68B271 0000000008C95E00 000000006C29698C 000000000D3EC9D0  UxTheme.dll!ThemeDefWindowProcW
00007FFF71D6C7E3 00000000032116A0 00000000000000A1 0000000000000014  USER32.dll!DefWindowProcW
000000006C3662C9 0000000000160672 0000000000000020 0000000000000000  wxmsw313u_gcc_cb.dll!wxWindow::MSWDefWindowProc
000000006C360454 0000000000000000 00007FFF720B0BA4 0000000000000000  wxmsw313u_gcc_cb.dll!wxWindow::MSWWindowProc
000000006C3582CC 0000000000000001 000000006CCCB950 00007FFF720ACC20  wxmsw313u_gcc_cb.dll!wxTopLevelWindowMSW::MSWWindowProc
000000006C3CF720 0000000000000000 000000000081FA00 0000000000000001  wxmsw313u_gcc_cb.dll!wxFrame::MSWWindowProc
00007FFF71D6E858 0000000008654A40 000000006C3681C0 0000000000160672  USER32.dll!UserCallWinProcCheckWow
00007FFF71D6E299 000000006C3681C0 0000000008CA83B0 0000000000000001  USER32.dll!DispatchMessageWorker
000000006C38F441 0000000000000000 0000000000010000 0000000008CA83B0  wxmsw313u_gcc_cb.dll!wxGUIEventLoop::Dispatch
000000006C1375A3 000000000081FC00 00007FFF707E9D40 0000000008CA83B0  wxmsw313u_gcc_cb.dll!wxEventLoopManual::ProcessEvents
000000006C137671 00000000008ACE00 0000000008CA83B0 0000000000000008  wxmsw313u_gcc_cb.dll!wxEventLoopManual::DoRun
000000006C137309 0000000008BB34D0 000000020000001C 00000000031D49B0  wxmsw313u_gcc_cb.dll!wxEventLoopBase::Run
000000006C107F1A 000000006CDBC412 00000000008AF8F0 00000000008AF900  wxmsw313u_gcc_cb.dll!wxAppConsoleBase::MainLoop
0000000000405422 00000000008ACE00 000000006C26D6BB 00000000009625A4  codeblocks.exe!0x5422
000000006C17FBD5 0000000000000008 0000000000000026 00000000008B03E0  wxmsw313u_gcc_cb.dll!wxEntryReal
0000000000402291 0000000000400000 0000000000000000 0000000000963738  codeblocks.exe!0x2291
00000000004013C7 0000000000000000 0000000000000000 0000000000000000  codeblocks.exe!0x13c7
00000000004014CB 0000000000000000 0000000000000000 0000000000000000  codeblocks.exe!0x14cb
00007FFF711B7034 0000000000000000 0000000000000000 0000000000000000  KERNEL32.DLL!BaseThreadInitThunk
00007FFF72062651 0000000000000000 0000000000000000 0000000000000000  ntdll.dll!RtlUserThreadStart

codeblocks.exe	20.3.0.0
ntdll.dll   	10.0.19041.1566
KERNEL32.DLL	10.0.19041.1566
KERNELBASE.dll	10.0.19041.1566
msvcrt.dll  	7.0.19041.546
SHELL32.dll 	10.0.19041.1566
COMCTL32.dll	6.10.19041.1110
libgcc_s_seh-1.dll
msvcp_win.dll	10.0.19041.789
ucrtbase.dll	10.0.19041.789
GDI32.dll   	10.0.19041.1202
libwinpthread-1.dll	1.0.0.0
win32u.dll  	10.0.19041.1586
USER32.dll  	10.0.19041.1503
gdi32full.dll	10.0.19041.1566
libstdc++-6.dll
SHFOLDER.dll	10.0.19041.1
codeblocks.dll
wxmsw313u_gcc_cb.dll	3.1.3.0
exchndl.dll 	0.9.1.0
ADVAPI32.dll	10.0.19041.1466
PSAPI.DLL   	10.0.19041.546
sechost.dll 	10.0.19041.1586
RPCRT4.dll  	10.0.19041.1466
mgwhelp.dll 	0.9.1.0
comdlg32.dll	10.0.19041.1566
VERSION.dll 	10.0.19041.546
combase.dll 	10.0.19041.1566
shcore.dll  	10.0.19041.1566
SHLWAPI.dll 	10.0.19041.1023
dbghelp.dll 	10.0.17134.12
ole32.dll   	10.0.19041.1202
OLEAUT32.dll	10.0.19041.985
OLEACC.dll  	7.2.19041.746
UxTheme.dll 	10.0.19041.1266
WINMM.dll   	10.0.19041.546
WINSPOOL.DRV	10.0.19041.1566
WSOCK32.dll 	10.0.19041.1
dbgcore.DLL 	10.0.17134.12
WS2_32.dll  	10.0.19041.546
IMM32.DLL   	10.0.19041.546
CRYPTSP.dll 	10.0.19041.546
rsaenh.dll  	10.0.19041.1052
bcrypt.dll  	10.0.19041.1023
CRYPTBASE.dll	10.0.19041.546
bcryptPrimitives.dll	10.0.19041.1415
kernel.appcore.dll	10.0.19041.546
AudioDevProps2.dll	2.6.11.0
PerfWndMonModule.dll	11.0.0.0
windows.storage.dll	10.0.19041.1566
Wldp.dll    	10.0.19041.1566
MSCTF.dll   	10.0.19041.1566
SspiCli.dll 	10.0.19041.1586
textinputframework.dll	10.0.19041.1566
CoreMessaging.dll	10.0.19041.746
CoreUIComponents.dll	10.0.19041.546
ntmarta.dll 	10.0.19041.546
wintypes.dll	10.0.19041.1348
clbcatq.dll 	2001.12.10941.16384
dataexchange.dll	10.0.19041.1387
d3d11.dll   	10.0.19041.1202
dcomp.dll   	10.0.19041.1566
dxgi.dll    	10.0.19041.1566
twinapi.appcore.dll	10.0.19041.964
WindowsCodecs.dll	10.0.19041.1151
profapi.dll 	10.0.19041.844
msftedit.DLL	10.0.19041.1288
TextShaping.dll
Windows.Globalization.dll	10.0.19041.867
Bcp47Langs.dll	10.0.19041.1566
bcp47mrm.dll	10.0.19041.1503
globinputhost.dll	10.0.19041.546
abbreviations.dll
astyle.dll
autosave.dll
AutoVersioning.dll
BrowseTracker.dll
byogames.dll
cb_koders.dll
Cccc.dll
classwizard.dll
codecompletion.dll
codesnippets.dll
codestat.dll
compiler.dll
copystrings.dll
CppCheck.dll
Cscope.dll
debugger.dll
defaultmimehandler.dll
devpakupdater.dll
DoxyBlocks.dll	1.7.663.8397
DragScroll.dll
EditorConfig.dll
EditorTweaks.dll
envvars.dll
Exporter.dll
FileManager.dll
FortranProject.dll
headerfixup.dll
help_plugin.dll
HHCTRL.OCX  	10.0.19041.746
HexEditor.dll
IncrementalSearch.dll
keybinder.dll
lib_finder.dll
wxflatnotebook.dll
MouseSap.dll
NassiShneiderman.dll
OccurrencesHighlighting.dll
openfileslist.dll
Profiler.dll
ProjectOptionsManipulator.dll
projectsimporter.dll
RegExTestbed.dll
ReopenEditor.dll
rndgen.dll
scriptedwizard.dll
SmartIndentCpp.dll
SmartIndentFortran.dll
SmartIndentHDL.dll
SmartIndentLua.dll
SmartIndentPascal.dll
SmartIndentPython.dll
SmartIndentXML.dll
SpellChecker.dll
SymTab.dll
ThreadSearch.dll
wxcustombutton.dll
todo.dll
ToolsPlus.dll
wxsmith.dll
wxsmithlib.dll
wxSmithAui.dll
wxSmithContribItems.dll
wxchartctrl.dll
wxdatetimepicker.dll
wxkwic.dll
wxled.dll
wxspeedbutton.dll
wxmathplot.dll
wximagepanel.dll
xpmanifest.dll
msimg32.dll 	10.0.19041.1466
CFGMGR32.dll	10.0.19041.1151
propsys.dll 	7.0.19041.1023
dwmapi.dll  	10.0.19041.746
msctfuimanager.dll	10.0.19041.746
DUI70.dll   	10.0.19041.746
DUser.dll   	10.0.19041.546
UIAutomationCore.dll	7.2.19041.1566
sxs.dll     	10.0.19041.546
UIAnimation.dll	10.0.19041.746
dwrite.dll  	10.0.19041.1566
tiptsf.dll  	10.0.19041.746
atlthunk.dll	10.0.19041.546
edputil.dll 	10.0.19041.546
thumbcache.dll	10.0.19041.1151
ntshrui.dll 	10.0.19041.844
srvcli.dll  	10.0.19041.1466
cscapi.dll  	10.0.19041.546
Windows.FileExplorer.Common.dll	10.0.19041.1566
iertutil.dll	11.0.19041.1586
StructuredQuery.dll	7.0.19041.867
Windows.Storage.Search.dll	10.0.19041.746
cldapi.dll  	10.0.19041.1288
FLTLIB.DLL  	10.0.19041.546
Windows.StateRepositoryPS.dll	10.0.19041.1466
policymanager.dll	10.0.19041.1566
msvcp110_win.dll	10.0.19041.546
apphelp.dll 	10.0.19041.1320
FileSyncShell64.dll	22.55.313.1
CRYPT32.dll 	10.0.19041.1320
WTSAPI32.dll	10.0.19041.546
Secur32.dll 	10.0.19041.546
WININET.dll 	11.0.19041.1566
USERENV.dll 	10.0.19041.572
WROberlay64.dll	1.0.4.21610
EhStorShell.dll	10.0.19041.746
SETUPAPI.dll	10.0.19041.1566
MPR.dll     	10.0.19041.1566
drprov.dll  	10.0.19041.546
WINSTA.dll  	10.0.19041.546
ntlanman.dll	10.0.19041.1566
davclnt.dll 	10.0.19041.546
DAVHLPR.dll 	10.0.19041.546
wkscli.dll  	10.0.19041.1466
netutils.dll	10.0.19041.546
qingnse64.dll	11.1.0.11467
gdiplus.dll 	10.0.19041.1566
IconCodecService.dll	10.0.19041.1
dlnashext.dll	10.0.19041.1566
PlayToDevice.dll	10.0.19041.746
DevDispItemProvider.dll	10.0.19041.867
MMDevApi.dll	10.0.19041.1503
DEVOBJ.dll  	10.0.19041.1566
AudioSes.dll	10.0.19041.1566
powrprof.dll	10.0.19041.546
UMPDC.dll
ProductInfo.dll	1.9.5.0
ASM.Plugin.AudioDevProps2.dll	1.0.1.0
PortableDeviceApi.dll	10.0.19041.746
WINTRUST.dll	10.0.19041.1566
MSASN1.dll  	10.0.19041.546
EhStorAPI.dll	10.0.19041.746
provsvc.dll 	10.0.19041.1466
symsrv.dll  	10.0.17134.12
ondemandconnroutehelper.dll	10.0.19041.546
winhttp.dll 	10.0.19041.1566
mswsock.dll 	10.0.19041.546
IPHLPAPI.DLL	10.0.19041.546
NSI.dll     	10.0.19041.610
WINNSI.DLL  	10.0.19041.546
urlmon.dll  	11.0.19041.1566
DNSAPI.dll  	10.0.19041.1566
rasadhlp.dll	10.0.19041.546
fwpuclnt.dll	10.0.19041.1526
schannel.DLL	10.0.19041.1586
mskeyprotect.dll	10.0.19041.1202
NTASN1.dll  	10.0.19041.546
DPAPI.DLL   	10.0.19041.546
cryptnet.dll	10.0.19041.906
ncrypt.dll  	10.0.19041.662
ncryptsslp.dll	10.0.19041.546

Windows 10.0.19042
DrMingw 0.9.1

-------------------

Error occurred on Monday, April 11, 2022 at 20:21:42.

codeblocks.exe caused an Access Violation at location 000000006C1A1F38 in module wxmsw313u_gcc_cb.dll Writing to location 00007FFF2E29B3CF.

AddrPC           Params
000000006C1A1F38 0000000000000000 00007FFF02F715BC 0000000000000000  wxmsw313u_gcc_cb.dll!wxObject::Ref
000000006C8422B4 0000000008E79CD0 00007FFF02F715A0 00000000000C0000  wxmsw313u_gcc_cb.dll!wxPGCell::CloneRefData
000000006C26296B 000000000DD85640 0000000000000000 00000000001502B8  wxmsw313u_gcc_cb.dll!wxEvtHandler::SafelyProcessEvent
000000006C3638F2 000000000081E058 000000000081DF50 000000000E643C70  wxmsw313u_gcc_cb.dll!wxWindow::HandleSetFocus
000000006C36FA2D 0000000000000000 00007FFEFB52A203 00000000009991E0  wxmsw313u_gcc_cb.dll!wxWindow::MSWHandleMessage
000000006C36042C 00000000009991E0 0000000009AB0E90 0000000000000001  wxmsw313u_gcc_cb.dll!wxWindow::MSWWindowProc
00007FFF2CADE858 0000000000000000 000000006C3681C0 00000000001F0884  USER32.dll!UserCallWinProcCheckWow
00007FFF2CADE3DC 0000000000000000 0000000000000000 0000000000000000  USER32.dll!DispatchClientMessage
00007FFF2CAF0BC3 000000000081E268 0000001100000050 00007FFF2C1E14C4  USER32.dll!__fnDWORD
00007FFF2E310BA4 000000006C340366 0000000008D4C330 0000000000000000  ntdll.dll!KiUserCallbackDispatch
00007FFF2C1E1464 0000000008D4C330 0000000000000000 000000000D185480  win32u.dll!NtUserCallHwndLock
000000006C340366 000000000DD85640 0000000008436840 000000000000002A  wxmsw313u_gcc_cb.dll!wxPopupWindow::Show
0000000070A9A155 0000000008D4C930 0000000008D4C301 000000000081E530  codeblocks.dll!Window::Show
0000000070B7F900 0000000008D4C010 43BD0000442C0000 000000000ECA83E0  codeblocks.dll!ScintillaBase::CallTipShow
0000000070B81365 0000000008D4C010 0000000000000898 00000000000004A8  codeblocks.dll!ScintillaBase::WndProc
0000000070A9F39F 0000000008D4C010 0000000000000898 00000000000004A8  codeblocks.dll!ScintillaWX::WndProc
0000000070A8371C 0000000008436840 0000000000000898 00000000000004A8  codeblocks.dll!wxScintilla::SendMsg
0000000070A87CF9 0000000008436840 00000000000004A8 000000000081E790  codeblocks.dll!wxScintilla::CallTipShow
0000000070985400 000000000832EE30 000000000081EA10 0000000008436840  codeblocks.dll!CCManager::DoShowTips
000000007098144D 000000000832EE30 000000000081EDA0 000000000081EDF0  codeblocks.dll!CCManager::OnEditorTooltip
0000000070C1A029 0000000008BFA150 000000000081EDA0 000000000081EDF0  codeblocks.dll!cbEventFunctor<CCManager, CodeBlocksEvent>::Call
0000000070A0A686 0000000000923FA0 000000000081EDA0 0000000000000000  codeblocks.dll!Manager::ProcessEvent
0000000070A21F32 00000000033A64E0 000000000081EDA0 0000000000000000  codeblocks.dll!PluginManager::NotifyPlugins
000000007094D720 0000000003064F40 000000000000290A 000000000000000B  codeblocks.dll!cbEditor::NotifyPlugins
000000007095F90E 0000000003064F40 000000000081F310 0000000000F90420  codeblocks.dll!cbEditor::OnEditorDwellStart
000000006C103194 000000000DC27230 00007FFF00000034 0000000000000000  wxmsw313u_gcc_cb.dll!wxAppConsoleBase::CallEventHandler
000000006C260372 0000000008CF8740 0000000008D4C010 0000000008D4C368  wxmsw313u_gcc_cb.dll!wxEvtHandler::ProcessEventIfMatchesId
000000006C260804 0000000000000000 000000006C4A8939 0000000000000000  wxmsw313u_gcc_cb.dll!wxEvtHandler::SearchDynamicEventTable
000000006C260B72 0000000000000113 0000000000000000 0000000000000000  wxmsw313u_gcc_cb.dll!wxEvtHandler::TryHereOnly
000000006C260BFD 0000000008436840 000000000081F310 000000000081F370  wxmsw313u_gcc_cb.dll!wxEvtHandler::ProcessEventLocally
000000006C260CE1 000000000081F360 0000000070CCF848 000000000081F3C0  wxmsw313u_gcc_cb.dll!wxEvtHandler::ProcessEvent
000000006C5A7D88 0000000008436840 0000000000000186 0000000000000A6D  wxmsw313u_gcc_cb.dll!wxWindowBase::TryAfter
0000000070A90C79 0000000008436840 000000000081F490 0000000000000000  codeblocks.dll!wxScintilla::NotifyParent
0000000070A9DE8D 0000000008D4C010 43C30000442B0000 0000000000000001  codeblocks.dll!ScintillaWX::NotifyParent
0000000070B4CC51 0000000008D4C010 43C30000442B0000 0000000000000001  codeblocks.dll!Editor::NotifyDwelling
0000000070B57BD9 0000000008D4C010 0000000000000003 0000000000000070  codeblocks.dll!Editor::TickFor
0000000070BFE89D 00000000087C8A30 0000003774884CD5 0000000000000000  codeblocks.dll!wxSCITimer::Notify
000000006C242671 00000000000105D4 0000000000000087 0000000000000001  wxmsw313u_gcc_cb.dll!wxTimerWndProc
00007FFF2CADE858 0000000000000000 000000006C2425C0 00000000000105D4  USER32.dll!UserCallWinProcCheckWow
00007FFF2CADE299 000000006C2425C0 0000000001489F00 000000000081F9E0  USER32.dll!DispatchMessageWorker
00007FFF2CADC050 0000000000000000 00007FFF2CADFB70 00007FFF2CAEDD20  USER32.dll!IsDialogMessageW
000000006C38F85C 0000000008D009C0 0000000000000000 000000000081FA00  wxmsw313u_gcc_cb.dll!wxGUIEventLoop::PreProcessMessage
000000006C38F631 0000000000000000 000000006C10554F 0000000008D002C0  wxmsw313u_gcc_cb.dll!wxGUIEventLoop::ProcessMessage
000000006C38F441 0000000000000000 0000000000010000 00000000031C83A0  wxmsw313u_gcc_cb.dll!wxGUIEventLoop::Dispatch
000000006C1375A3 000000000081FC00 00007FFF2E1A9D40 00000000031C83A0  wxmsw313u_gcc_cb.dll!wxEventLoopManual::ProcessEvents
000000006C137671 000000000089CE00 00000000031C83A0 0000000000000008  wxmsw313u_gcc_cb.dll!wxEventLoopManual::DoRun
000000006C137309 0000000008C103E0 000000020000001C 0000000008CF58F0  wxmsw313u_gcc_cb.dll!wxEventLoopBase::Run
000000006C107F1A 000000006CDBC412 000000000089F8F0 000000000089F900  wxmsw313u_gcc_cb.dll!wxAppConsoleBase::MainLoop
0000000000405422 000000000089CE00 000000006C26D6BB 00000000009525A4  codeblocks.exe!0x5422
000000006C17FBD5 0000000000000008 0000000000000026 00000000008A0300  wxmsw313u_gcc_cb.dll!wxEntryReal
0000000000402291 0000000000400000 0000000000000000 0000000000953738  codeblocks.exe!0x2291
00000000004013C7 0000000000000000 0000000000000000 0000000000000000  codeblocks.exe!0x13c7
00000000004014CB 0000000000000000 0000000000000000 0000000000000000  codeblocks.exe!0x14cb
00007FFF2E057034 0000000000000000 0000000000000000 0000000000000000  KERNEL32.DLL!BaseThreadInitThunk
00007FFF2E2C2651 0000000000000000 0000000000000000 0000000000000000  ntdll.dll!RtlUserThreadStart

codeblocks.exe	20.3.0.0
ntdll.dll   	10.0.19041.1566
KERNEL32.DLL	10.0.19041.1566
KERNELBASE.dll	10.0.19041.1566
msvcrt.dll  	7.0.19041.546
SHELL32.dll 	10.0.19041.1566
COMCTL32.dll	6.10.19041.1110
msvcp_win.dll	10.0.19041.789
GDI32.dll   	10.0.19041.1202
ucrtbase.dll	10.0.19041.789
libgcc_s_seh-1.dll
win32u.dll  	10.0.19041.1586
gdi32full.dll	10.0.19041.1566
libwinpthread-1.dll	1.0.0.0
USER32.dll  	10.0.19041.1503
libstdc++-6.dll
codeblocks.dll
SHFOLDER.dll	10.0.19041.1
wxmsw313u_gcc_cb.dll	3.1.3.0
exchndl.dll 	0.9.1.0
ADVAPI32.dll	10.0.19041.1466
PSAPI.DLL   	10.0.19041.546
sechost.dll 	10.0.19041.1586
RPCRT4.dll  	10.0.19041.1466
mgwhelp.dll 	0.9.1.0
comdlg32.dll	10.0.19041.1566
VERSION.dll 	10.0.19041.546
combase.dll 	10.0.19041.1566
shcore.dll  	10.0.19041.1566
dbghelp.dll 	10.0.17134.12
SHLWAPI.dll 	10.0.19041.1023
ole32.dll   	10.0.19041.1202
OLEAUT32.dll	10.0.19041.985
OLEACC.dll  	7.2.19041.746
UxTheme.dll 	10.0.19041.1266
WINMM.dll   	10.0.19041.546
WINSPOOL.DRV	10.0.19041.1566
dbgcore.DLL 	10.0.17134.12
WSOCK32.dll 	10.0.19041.1
WS2_32.dll  	10.0.19041.546
IMM32.DLL   	10.0.19041.546
CRYPTSP.dll 	10.0.19041.546
rsaenh.dll  	10.0.19041.1052
bcrypt.dll  	10.0.19041.1023
CRYPTBASE.dll	10.0.19041.546
bcryptPrimitives.dll	10.0.19041.1415
kernel.appcore.dll	10.0.19041.546
AudioDevProps2.dll	2.6.11.0
PerfWndMonModule.dll	11.0.0.0
windows.storage.dll	10.0.19041.1566
Wldp.dll    	10.0.19041.1566
MSCTF.dll   	10.0.19041.1566
SspiCli.dll 	10.0.19041.1586
textinputframework.dll	10.0.19041.1566
CoreMessaging.dll	10.0.19041.746
CoreUIComponents.dll	10.0.19041.546
ntmarta.dll 	10.0.19041.546
wintypes.dll	10.0.19041.1348
clbcatq.dll 	2001.12.10941.16384
dataexchange.dll	10.0.19041.1387
dcomp.dll   	10.0.19041.1566
d3d11.dll   	10.0.19041.1202
dxgi.dll    	10.0.19041.1566
twinapi.appcore.dll	10.0.19041.964
WindowsCodecs.dll	10.0.19041.1151
profapi.dll 	10.0.19041.844
msftedit.DLL	10.0.19041.1288
TextShaping.dll
Windows.Globalization.dll	10.0.19041.867
Bcp47Langs.dll	10.0.19041.1566
bcp47mrm.dll	10.0.19041.1503
globinputhost.dll	10.0.19041.546
abbreviations.dll
astyle.dll
autosave.dll
AutoVersioning.dll
BrowseTracker.dll
byogames.dll
cb_koders.dll
Cccc.dll
classwizard.dll
codecompletion.dll
codesnippets.dll
codestat.dll
compiler.dll
copystrings.dll
CppCheck.dll
Cscope.dll
debugger.dll
defaultmimehandler.dll
devpakupdater.dll
DoxyBlocks.dll	1.7.663.8397
DragScroll.dll
EditorConfig.dll
EditorTweaks.dll
envvars.dll
Exporter.dll
FileManager.dll
FortranProject.dll
headerfixup.dll
help_plugin.dll
HHCTRL.OCX  	10.0.19041.746
HexEditor.dll
IncrementalSearch.dll
keybinder.dll
lib_finder.dll
wxflatnotebook.dll
MouseSap.dll
NassiShneiderman.dll
OccurrencesHighlighting.dll
openfileslist.dll
Profiler.dll
ProjectOptionsManipulator.dll
projectsimporter.dll
RegExTestbed.dll
ReopenEditor.dll
rndgen.dll
scriptedwizard.dll
SmartIndentCpp.dll
SmartIndentFortran.dll
SmartIndentHDL.dll
SmartIndentLua.dll
SmartIndentPascal.dll
SmartIndentPython.dll
SmartIndentXML.dll
SpellChecker.dll
SymTab.dll
ThreadSearch.dll
wxcustombutton.dll
todo.dll
ToolsPlus.dll
wxsmith.dll
wxsmithlib.dll
wxSmithAui.dll
wxSmithContribItems.dll
wxdatetimepicker.dll
wxchartctrl.dll
wxkwic.dll
wxled.dll
wxmathplot.dll
wxspeedbutton.dll
wximagepanel.dll
xpmanifest.dll
msimg32.dll 	10.0.19041.1466
msctfuimanager.dll	10.0.19041.746
DUI70.dll   	10.0.19041.746
DUser.dll   	10.0.19041.546
UIAutomationCore.dll	7.2.19041.1566
PROPSYS.dll 	7.0.19041.1023
sxs.dll     	10.0.19041.546
UIAnimation.dll	10.0.19041.746
dwrite.dll  	10.0.19041.1566
D3D10Warp.dll	10.0.19041.546
dxcore.dll  	10.0.19041.546
cfgmgr32.dll	10.0.19041.1151
directmanipulation.dll	10.0.19041.1566
xmllite.dll 	10.0.19041.546
gdiplus.dll 	10.0.19041.1566
Windows.UI.dll	10.0.19041.746
WindowManagementAPI.dll
InputHost.dll	10.0.19041.906
symsrv.dll  	10.0.17134.12
CRYPT32.dll 	10.0.19041.1320
WININET.dll 	11.0.19041.1566
iertutil.dll	11.0.19041.1586
ondemandconnroutehelper.dll	10.0.19041.546
winhttp.dll 	10.0.19041.1566
mswsock.dll 	10.0.19041.546
IPHLPAPI.DLL	10.0.19041.546
NSI.dll     	10.0.19041.610
WINNSI.DLL  	10.0.19041.546
urlmon.dll  	11.0.19041.1566
srvcli.dll  	10.0.19041.1466
netutils.dll	10.0.19041.546
SangforNspX64.dll	7.5.1.1
DNSAPI.dll  	10.0.19041.1566
rasadhlp.dll	10.0.19041.546
fwpuclnt.dll	10.0.19041.1526

Windows 10.0.19042
DrMingw 0.9.1

